0 info it worked if it ends with ok
1 verbose cli [ 'C:\\Program Files\\nodejs\\\\node.exe',
1 verbose cli   'C:\\Program Files\\nodejs\\node_modules\\npm\\bin\\npm-cli.js',
1 verbose cli   'install' ]
2 info using npm@1.3.5
3 info using node@v0.10.15
4 verbose node symlink C:\Program Files\nodejs\\node.exe
5 warn package.json backbone-comments@0.0.1 No repository field.
6 verbose readDependencies using package.json deps
7 verbose install where, deps [ 'D:\\node\\bcmm', [ 'express', 'mongoose' ] ]
8 info preinstall backbone-comments@0.0.1
9 verbose readDependencies using package.json deps
10 verbose cache add [ 'express@3.x', null ]
11 verbose cache add name=undefined spec="express@3.x" args=["express@3.x",null]
12 verbose parsed url { protocol: null,
12 verbose parsed url   slashes: null,
12 verbose parsed url   auth: null,
12 verbose parsed url   host: null,
12 verbose parsed url   port: null,
12 verbose parsed url   hostname: null,
12 verbose parsed url   hash: null,
12 verbose parsed url   search: null,
12 verbose parsed url   query: null,
12 verbose parsed url   pathname: 'express@3.x',
12 verbose parsed url   path: 'express@3.x',
12 verbose parsed url   href: 'express@3.x' }
13 verbose cache add name="express" spec="3.x" args=["express","3.x"]
14 verbose parsed url { protocol: null,
14 verbose parsed url   slashes: null,
14 verbose parsed url   auth: null,
14 verbose parsed url   host: null,
14 verbose parsed url   port: null,
14 verbose parsed url   hostname: null,
14 verbose parsed url   hash: null,
14 verbose parsed url   search: null,
14 verbose parsed url   query: null,
14 verbose parsed url   pathname: '3.x',
14 verbose parsed url   path: '3.x',
14 verbose parsed url   href: '3.x' }
15 verbose addNamed [ 'express', '3.x' ]
16 verbose addNamed [ null, '>=3.0.0-0 <4.0.0-0' ]
17 verbose cache add [ 'mongoose@3.4.0', null ]
18 verbose cache add name=undefined spec="mongoose@3.4.0" args=["mongoose@3.4.0",null]
19 verbose parsed url { protocol: null,
19 verbose parsed url   slashes: null,
19 verbose parsed url   auth: null,
19 verbose parsed url   host: null,
19 verbose parsed url   port: null,
19 verbose parsed url   hostname: null,
19 verbose parsed url   hash: null,
19 verbose parsed url   search: null,
19 verbose parsed url   query: null,
19 verbose parsed url   pathname: 'mongoose@3.4.0',
19 verbose parsed url   path: 'mongoose@3.4.0',
19 verbose parsed url   href: 'mongoose@3.4.0' }
20 verbose cache add name="mongoose" spec="3.4.0" args=["mongoose","3.4.0"]
21 verbose parsed url { protocol: null,
21 verbose parsed url   slashes: null,
21 verbose parsed url   auth: null,
21 verbose parsed url   host: null,
21 verbose parsed url   port: null,
21 verbose parsed url   hostname: null,
21 verbose parsed url   hash: null,
21 verbose parsed url   search: null,
21 verbose parsed url   query: null,
21 verbose parsed url   pathname: '3.4.0',
21 verbose parsed url   path: '3.4.0',
21 verbose parsed url   href: '3.4.0' }
22 verbose addNamed [ 'mongoose', '3.4.0' ]
23 verbose addNamed [ '3.4.0', '3.4.0' ]
24 silly lockFile 3a341b85-express-3-x express@3.x
25 verbose lock express@3.x C:\Users\cisco\AppData\Roaming\npm-cache\3a341b85-express-3-x.lock
26 silly lockFile 92b068d7-mongoose-3-4-0 mongoose@3.4.0
27 verbose lock mongoose@3.4.0 C:\Users\cisco\AppData\Roaming\npm-cache\92b068d7-mongoose-3-4-0.lock
28 silly addNameRange { name: 'express', range: '>=3.0.0-0 <4.0.0-0', hasData: false }
29 verbose url raw mongoose/3.4.0
30 verbose url resolving [ 'https://registry.npmjs.org/', './mongoose/3.4.0' ]
31 verbose url resolved https://registry.npmjs.org/mongoose/3.4.0
32 info trying registry request attempt 1 at 19:10:00
33 http GET https://registry.npmjs.org/mongoose/3.4.0
34 verbose url raw express
35 verbose url resolving [ 'https://registry.npmjs.org/', './express' ]
36 verbose url resolved https://registry.npmjs.org/express
37 info trying registry request attempt 1 at 19:10:00
38 verbose etag "A4UE5J3VYMFYN8Y56GG94YM47"
39 http GET https://registry.npmjs.org/express
40 info retry will retry, error on last attempt: Error: read ECONNRESET
41 info retry will retry, error on last attempt: Error: read ECONNRESET
42 info trying registry request attempt 2 at 19:10:11
43 http GET https://registry.npmjs.org/mongoose/3.4.0
44 info trying registry request attempt 2 at 19:10:12
45 verbose etag "A4UE5J3VYMFYN8Y56GG94YM47"
46 http GET https://registry.npmjs.org/express
47 info retry will retry, error on last attempt: Error: read ECONNRESET
48 info retry will retry, error on last attempt: Error: read ECONNRESET
49 info trying registry request attempt 3 at 19:11:13
50 http GET https://registry.npmjs.org/mongoose/3.4.0
51 info trying registry request attempt 3 at 19:11:13
52 verbose etag "A4UE5J3VYMFYN8Y56GG94YM47"
53 http GET https://registry.npmjs.org/express
54 silly lockFile 92b068d7-mongoose-3-4-0 mongoose@3.4.0
55 silly lockFile 92b068d7-mongoose-3-4-0 mongoose@3.4.0
56 error Error: read ECONNRESET
56 error     at errnoException (net.js:901:11)
56 error     at TCP.onread (net.js:556:19)
57 error If you need help, you may report this log at:
57 error     <http://github.com/isaacs/npm/issues>
57 error or email it to:
57 error     <npm-@googlegroups.com>
58 error System Windows_NT 6.1.7601
59 error command "C:\\Program Files\\nodejs\\\\node.exe" "C:\\Program Files\\nodejs\\node_modules\\npm\\bin\\npm-cli.js" "install"
60 error cwd D:\node\bcmm
61 error node -v v0.10.15
62 error npm -v 1.3.5
63 error syscall read
64 error code ECONNRESET
65 error errno ECONNRESET
66 verbose exit [ 1, true ]
